[0917/091531.252:ERROR:process_memory_win.cc(73)] ReadMemory at 0x2c0e1639f50 of 72 bytes failed: 仅完成部分的 ReadProcessMemory 或 WriteProcessMemory 请求。 (0x12B)
[0917/091531.253:WARNING:pe_image_annotations_reader.cc(135)] could not read annotations list object in C:\Program Files (x86)\Google\Chrome\Application\85.0.4183.102\chrome_elf.dll
[0917/091531.254:ERROR:process_memory_win.cc(73)] ReadMemory at 0x2c0e167ee20 of 72 bytes failed: 仅完成部分的 ReadProcessMemory 或 WriteProcessMemory 请求。 (0x12B)
[0917/091531.254:WARNING:pe_image_annotations_reader.cc(135)] could not read annotations list object in C:\Program Files (x86)\Google\Chrome\Application\85.0.4183.102\chrome.dll
[0917/091531.257:ERROR:process_memory_win.cc(73)] ReadMemory at 0x2c0e1639f50 of 72 bytes failed: 仅完成部分的 ReadProcessMemory 或 WriteProcessMemory 请求。 (0x12B)
[0917/091531.257:WARNING:pe_image_annotations_reader.cc(135)] could not read annotations list object in C:\Program Files (x86)\Google\Chrome\Application\85.0.4183.102\chrome_elf.dll
[0917/091531.258:ERROR:process_memory_win.cc(73)] ReadMemory at 0x2c0e167ee20 of 72 bytes failed: 仅完成部分的 ReadProcessMemory 或 WriteProcessMemory 请求。 (0x12B)
[0917/091531.258:WARNING:pe_image_annotations_reader.cc(135)] could not read annotations list object in C:\Program Files (x86)\Google\Chrome\Application\85.0.4183.102\chrome.dll
[0917/091531.258:ERROR:process_memory_win.cc(73)] ReadMemory at 0x2c0e1639f50 of 72 bytes failed: 仅完成部分的 ReadProcessMemory 或 WriteProcessMemory 请求。 (0x12B)
[0917/091531.258:WARNING:pe_image_annotations_reader.cc(135)] could not read annotations list object in C:\Program Files (x86)\Google\Chrome\Application\85.0.4183.102\chrome_elf.dll
[0917/091531.258:ERROR:process_memory_win.cc(73)] ReadMemory at 0x2c0e167ee20 of 72 bytes failed: 仅完成部分的 ReadProcessMemory 或 WriteProcessMemory 请求。 (0x12B)
[0917/091531.258:WARNING:pe_image_annotations_reader.cc(135)] could not read annotations list object in C:\Program Files (x86)\Google\Chrome\Application\85.0.4183.102\chrome.dll
[0917/091531.268:ERROR:process_memory_win.cc(73)] ReadMemory at 0xcde77da000 of 155648 bytes failed: 仅完成部分的 ReadProcessMemory 或 WriteProcessMemory 请求。 (0x12B)
[0917/091531.268:ERROR:process_memory_win.cc(73)] ReadMemory at 0xcde7ffd000 of 12288 bytes failed: 仅完成部分的 ReadProcessMemory 或 WriteProcessMemory 请求。 (0x12B)
[0917/091531.268:ERROR:process_memory_win.cc(73)] ReadMemory at 0xcde87f6000 of 40960 bytes failed: 仅完成部分的 ReadProcessMemory 或 WriteProcessMemory 请求。 (0x12B)
[0917/091531.268:ERROR:process_memory_win.cc(73)] ReadMemory at 0xcde8ffd000 of 12288 bytes failed: 仅完成部分的 ReadProcessMemory 或 WriteProcessMemory 请求。 (0x12B)
[0917/091531.268:ERROR:process_memory_win.cc(73)] ReadMemory at 0xcde97fb000 of 20480 bytes failed: 仅完成部分的 ReadProcessMemory 或 WriteProcessMemory 请求。 (0x12B)
[0917/091531.268:ERROR:process_memory_win.cc(73)] ReadMemory at 0xcde9ffe000 of 8192 bytes failed: 仅完成部分的 ReadProcessMemory 或 WriteProcessMemory 请求。 (0x12B)
[0917/091531.268:ERROR:process_memory_win.cc(73)] ReadMemory at 0xcdea7fd000 of 12288 bytes failed: 仅完成部分的 ReadProcessMemory 或 WriteProcessMemory 请求。 (0x12B)
[0917/091531.268:ERROR:process_memory_win.cc(73)] ReadMemory at 0xcdeaffc000 of 16384 bytes failed: 仅完成部分的 ReadProcessMemory 或 WriteProcessMemory 请求。 (0x12B)
[0917/091531.268:ERROR:process_memory_win.cc(73)] ReadMemory at 0xcdebffd000 of 12288 bytes failed: 仅完成部分的 ReadProcessMemory 或 WriteProcessMemory 请求。 (0x12B)
[0917/091531.268:ERROR:process_memory_win.cc(73)] ReadMemory at 0xcdec7fc000 of 16384 bytes failed: 仅完成部分的 ReadProcessMemory 或 WriteProcessMemory 请求。 (0x12B)
[0917/091531.268:ERROR:process_memory_win.cc(73)] ReadMemory at 0xcdecffb000 of 20480 bytes failed: 仅完成部分的 ReadProcessMemory 或 WriteProcessMemory 请求。 (0x12B)
[0917/091531.270:ERROR:process_memory_win.cc(73)] ReadMemory at 0xcded7fc000 of 16384 bytes failed: 仅完成部分的 ReadProcessMemory 或 WriteProcessMemory 请求。 (0x12B)
[0917/091531.270:ERROR:process_memory_win.cc(73)] ReadMemory at 0xcdedffb000 of 20480 bytes failed: 仅完成部分的 ReadProcessMemory 或 WriteProcessMemory 请求。 (0x12B)
[0917/091531.270:ERROR:process_memory_win.cc(73)] ReadMemory at 0xcdee7fd000 of 12288 bytes failed: 仅完成部分的 ReadProcessMemory 或 WriteProcessMemory 请求。 (0x12B)
[0917/091531.270:ERROR:process_memory_win.cc(73)] ReadMemory at 0xcdeeff7000 of 36864 bytes failed: 仅完成部分的 ReadProcessMemory 或 WriteProcessMemory 请求。 (0x12B)
[0917/091531.270:ERROR:process_memory_win.cc(73)] ReadMemory at 0xcdef7fc000 of 16384 bytes failed: 仅完成部分的 ReadProcessMemory 或 WriteProcessMemory 请求。 (0x12B)
[0917/091531.270:ERROR:process_memory_win.cc(73)] ReadMemory at 0xcdefff7000 of 36864 bytes failed: 仅完成部分的 ReadProcessMemory 或 WriteProcessMemory 请求。 (0x12B)
[0917/091531.270:ERROR:process_memory_win.cc(73)] ReadMemory at 0xcdf07fc000 of 16384 bytes failed: 仅完成部分的 ReadProcessMemory 或 WriteProcessMemory 请求。 (0x12B)
[0917/091531.270:ERROR:process_memory_win.cc(73)] ReadMemory at 0xcdf0ffc000 of 16384 bytes failed: 仅完成部分的 ReadProcessMemory 或 WriteProcessMemory 请求。 (0x12B)
[0917/091531.270:ERROR:process_memory_win.cc(73)] ReadMemory at 0xcdf17fc000 of 16384 bytes failed: 仅完成部分的 ReadProcessMemory 或 WriteProcessMemory 请求。 (0x12B)
[0917/091531.270:ERROR:process_memory_win.cc(73)] ReadMemory at 0xcde6ee3000 of 852 bytes failed: 仅完成部分的 ReadProcessMemory 或 WriteProcessMemory 请求。 (0x12B)
[0917/091531.270:ERROR:process_memory_win.cc(73)] ReadMemory at 0xcde6ee4000 of 6024 bytes failed: 仅完成部分的 ReadProcessMemory 或 WriteProcessMemory 请求。 (0x12B)
[0917/091531.270:ERROR:process_memory_win.cc(73)] ReadMemory at 0xcde6ee6000 of 6024 bytes failed: 仅完成部分的 ReadProcessMemory 或 WriteProcessMemory 请求。 (0x12B)
[0917/091531.270:ERROR:process_memory_win.cc(73)] ReadMemory at 0xcde6ee8000 of 6024 bytes failed: 仅完成部分的 ReadProcessMemory 或 WriteProcessMemory 请求。 (0x12B)
[0917/091531.270:ERROR:process_memory_win.cc(73)] ReadMemory at 0xcde6eea000 of 6024 bytes failed: 仅完成部分的 ReadProcessMemory 或 WriteProcessMemory 请求。 (0x12B)
[0917/091531.270:ERROR:process_memory_win.cc(73)] ReadMemory at 0xcde6eec000 of 6024 bytes failed: 仅完成部分的 ReadProcessMemory 或 WriteProcessMemory 请求。 (0x12B)
[0917/091531.270:ERROR:process_memory_win.cc(73)] ReadMemory at 0xcde6eee000 of 6024 bytes failed: 仅完成部分的 ReadProcessMemory 或 WriteProcessMemory 请求。 (0x12B)
[0917/091531.270:ERROR:process_memory_win.cc(73)] ReadMemory at 0xcde6ef0000 of 6024 bytes failed: 仅完成部分的 ReadProcessMemory 或 WriteProcessMemory 请求。 (0x12B)
[0917/091531.270:ERROR:process_memory_win.cc(73)] ReadMemory at 0xcde6ef2000 of 6024 bytes failed: 仅完成部分的 ReadProcessMemory 或 WriteProcessMemory 请求。 (0x12B)
[0917/091531.270:ERROR:process_memory_win.cc(73)] ReadMemory at 0xcde6ef6000 of 6024 bytes failed: 仅完成部分的 ReadProcessMemory 或 WriteProcessMemory 请求。 (0x12B)
[0917/091531.270:ERROR:process_memory_win.cc(73)] ReadMemory at 0xcde6ef8000 of 6024 bytes failed: 仅完成部分的 ReadProcessMemory 或 WriteProcessMemory 请求。 (0x12B)
[0917/091531.270:ERROR:process_memory_win.cc(73)] ReadMemory at 0xcde6efa000 of 6024 bytes failed: 仅完成部分的 ReadProcessMemory 或 WriteProcessMemory 请求。 (0x12B)
[0917/091531.270:ERROR:process_memory_win.cc(73)] ReadMemory at 0xcde6efc000 of 6024 bytes failed: 仅完成部分的 ReadProcessMemory 或 WriteProcessMemory 请求。 (0x12B)
[0917/091531.270:ERROR:process_memory_win.cc(73)] ReadMemory at 0xcde6efe000 of 6024 bytes failed: 仅完成部分的 ReadProcessMemory 或 WriteProcessMemory 请求。 (0x12B)
[0917/091531.270:ERROR:process_memory_win.cc(73)] ReadMemory at 0xcde6f00000 of 6024 bytes failed: 仅完成部分的 ReadProcessMemory 或 WriteProcessMemory 请求。 (0x12B)
[0917/091531.270:ERROR:process_memory_win.cc(73)] ReadMemory at 0xcde6f02000 of 6024 bytes failed: 仅完成部分的 ReadProcessMemory 或 WriteProcessMemory 请求。 (0x12B)
[0917/091531.270:ERROR:process_memory_win.cc(73)] ReadMemory at 0xcde6f04000 of 6024 bytes failed: 仅完成部分的 ReadProcessMemory 或 WriteProcessMemory 请求。 (0x12B)
[0917/091531.271:ERROR:process_memory_win.cc(73)] ReadMemory at 0xcde6f06000 of 6024 bytes failed: 仅完成部分的 ReadProcessMemory 或 WriteProcessMemory 请求。 (0x12B)
[0917/091531.271:ERROR:process_memory_win.cc(73)] ReadMemory at 0xcde6f08000 of 6024 bytes failed: 仅完成部分的 ReadProcessMemory 或 WriteProcessMemory 请求。 (0x12B)
[0917/091531.271:ERROR:process_memory_win.cc(73)] ReadMemory at 0xcde6f0a000 of 6024 bytes failed: 仅完成部分的 ReadProcessMemory 或 WriteProcessMemory 请求。 (0x12B)
[0917/091531.271:ERROR:process_memory_win.cc(73)] ReadMemory at 0xcde6f0c000 of 6024 bytes failed: 仅完成部分的 ReadProcessMemory 或 WriteProcessMemory 请求。 (0x12B)
[0917/091531.271:ERROR:process_memory_win.cc(73)] ReadMemory at 0x2c0e1620fe0 of 24440 bytes failed: 仅完成部分的 ReadProcessMemory 或 WriteProcessMemory 请求。 (0x12B)
[0917/091531.271:ERROR:process_memory_win.cc(73)] ReadMemory at 0x2c0e1626f60 of 1012 bytes failed: 仅完成部分的 ReadProcessMemory 或 WriteProcessMemory 请求。 (0x12B)
[0917/091531.271:ERROR:process_memory_win.cc(73)] ReadMemory at 0x2c0e16275a8 of 118 bytes failed: 仅完成部分的 ReadProcessMemory 或 WriteProcessMemory 请求。 (0x12B)
[0917/091531.271:ERROR:process_memory_win.cc(73)] ReadMemory at 0x2c0e1627620 of 760 bytes failed: 仅完成部分的 ReadProcessMemory 或 WriteProcessMemory 请求。 (0x12B)
[0917/091531.271:ERROR:process_memory_win.cc(73)] ReadMemory at 0x2c0e162791a of 118 bytes failed: 仅完成部分的 ReadProcessMemory 或 WriteProcessMemory 请求。 (0x12B)
[0917/091531.271:ERROR:process_memory_win.cc(73)] ReadMemory at 0x2c0e1627992 of 98 bytes failed: 仅完成部分的 ReadProcessMemory 或 WriteProcessMemory 请求。 (0x12B)
[0917/091531.271:ERROR:process_memory_win.cc(73)] ReadMemory at 0x2c0e1627a00 of 58 bytes failed: 仅完成部分的 ReadProcessMemory 或 WriteProcessMemory 请求。 (0x12B)
[0917/091531.271:ERROR:process_memory_win.cc(73)] ReadMemory at 0x2c0e1627b00 of 132 bytes failed: 仅完成部分的 ReadProcessMemory 或 WriteProcessMemory 请求。 (0x12B)
[0917/091531.271:ERROR:process_memory_win.cc(73)] ReadMemory at 0x2c0e1627c90 of 132 bytes failed: 仅完成部分的 ReadProcessMemory 或 WriteProcessMemory 请求。 (0x12B)
[0917/091531.271:ERROR:process_memory_win.cc(73)] ReadMemory at 0x2c0e1627e50 of 126 bytes failed: 仅完成部分的 ReadProcessMemory 或 WriteProcessMemory 请求。 (0x12B)
[0917/091531.271:ERROR:process_memory_win.cc(73)] ReadMemory at 0x2c0e1628230 of 132 bytes failed: 仅完成部分的 ReadProcessMemory 或 WriteProcessMemory 请求。 (0x12B)
[0917/091531.271:ERROR:process_memory_win.cc(73)] ReadMemory at 0x2c0e16283c0 of 64 bytes failed: 仅完成部分的 ReadProcessMemory 或 WriteProcessMemory 请求。 (0x12B)
[0917/091531.271:ERROR:process_memory_win.cc(73)] ReadMemory at 0x2c0e1628580 of 132 bytes failed: 仅完成部分的 ReadProcessMemory 或 WriteProcessMemory 请求。 (0x12B)
[0917/091531.271:ERROR:process_memory_win.cc(73)] ReadMemory at 0x2c0e1628820 of 132 bytes failed: 仅完成部分的 ReadProcessMemory 或 WriteProcessMemory 请求。 (0x12B)
[0917/091531.271:ERROR:process_memory_win.cc(73)] ReadMemory at 0x2c0e16289b0 of 68 bytes failed: 仅完成部分的 ReadProcessMemory 或 WriteProcessMemory 请求。 (0x12B)
[0917/091531.271:ERROR:process_memory_win.cc(73)] ReadMemory at 0x2c0e1629a20 of 132 bytes failed: 仅完成部分的 ReadProcessMemory 或 WriteProcessMemory 请求。 (0x12B)
[0917/091531.271:ERROR:process_memory_win.cc(73)] ReadMemory at 0x2c0e1629bb0 of 154 bytes failed: 仅完成部分的 ReadProcessMemory 或 WriteProcessMemory 请求。 (0x12B)
[0917/091531.271:ERROR:process_memory_win.cc(73)] ReadMemory at 0x2c0e162a9d0 of 62 bytes failed: 仅完成部分的 ReadProcessMemory 或 WriteProcessMemory 请求。 (0x12B)
[0917/091531.271:ERROR:process_memory_win.cc(73)] ReadMemory at 0x2c0e162ab30 of 132 bytes failed: 仅完成部分的 ReadProcessMemory 或 WriteProcessMemory 请求。 (0x12B)
[0917/091531.271:ERROR:process_memory_win.cc(73)] ReadMemory at 0x2c0e162acc0 of 60 bytes failed: 仅完成部分的 ReadProcessMemory 或 WriteProcessMemory 请求。 (0x12B)
[0917/091531.271:ERROR:process_memory_win.cc(73)] ReadMemory at 0x2c0e1639ff0 of 62 bytes failed: 仅完成部分的 ReadProcessMemory 或 WriteProcessMemory 请求。 (0x12B)
[0917/091531.271:ERROR:process_memory_win.cc(73)] ReadMemory at 0x2c0e163e720 of 80 bytes failed: 仅完成部分的 ReadProcessMemory 或 WriteProcessMemory 请求。 (0x12B)
[0917/091531.271:ERROR:process_memory_win.cc(73)] ReadMemory at 0x2c0e163e840 of 80 bytes failed: 仅完成部分的 ReadProcessMemory 或 WriteProcessMemory 请求。 (0x12B)
[0917/091531.271:ERROR:process_memory_win.cc(73)] ReadMemory at 0x2c0e1641e40 of 132 bytes failed: 仅完成部分的 ReadProcessMemory 或 WriteProcessMemory 请求。 (0x12B)
[0917/091531.271:ERROR:process_memory_win.cc(73)] ReadMemory at 0x2c0e1642ba0 of 132 bytes failed: 仅完成部分的 ReadProcessMemory 或 WriteProcessMemory 请求。 (0x12B)
[0917/091531.271:ERROR:process_memory_win.cc(73)] ReadMemory at 0x2c0e1643c70 of 54 bytes failed: 仅完成部分的 ReadProcessMemory 或 WriteProcessMemory 请求。 (0x12B)
[0917/091531.271:ERROR:process_memory_win.cc(73)] ReadMemory at 0x2c0e1644e30 of 132 bytes failed: 仅完成部分的 ReadProcessMemory 或 WriteProcessMemory 请求。 (0x12B)
[0917/091531.271:ERROR:process_memory_win.cc(73)] ReadMemory at 0x2c0e1647320 of 76 bytes failed: 仅完成部分的 ReadProcessMemory 或 WriteProcessMemory 请求。 (0x12B)
[0917/091531.271:ERROR:process_memory_win.cc(73)] ReadMemory at 0x2c0e164b070 of 132 bytes failed: 仅完成部分的 ReadProcessMemory 或 WriteProcessMemory 请求。 (0x12B)
[0917/091531.271:ERROR:process_memory_win.cc(73)] ReadMemory at 0x2c0e164b280 of 132 bytes failed: 仅完成部分的 ReadProcessMemory 或 WriteProcessMemory 请求。 (0x12B)
[0917/091531.271:ERROR:process_memory_win.cc(73)] ReadMemory at 0x2c0e164c920 of 132 bytes failed: 仅完成部分的 ReadProcessMemory 或 WriteProcessMemory 请求。 (0x12B)
[0917/091531.271:ERROR:process_memory_win.cc(73)] ReadMemory at 0x2c0e164ca50 of 132 bytes failed: 仅完成部分的 ReadProcessMemory 或 WriteProcessMemory 请求。 (0x12B)
[0917/091531.271:ERROR:process_memory_win.cc(73)] ReadMemory at 0x2c0e164cb80 of 132 bytes failed: 仅完成部分的 ReadProcessMemory 或 WriteProcessMemory 请求。 (0x12B)
[0917/091531.271:ERROR:process_memory_win.cc(73)] ReadMemory at 0x2c0e164ccb0 of 132 bytes failed: 仅完成部分的 ReadProcessMemory 或 WriteProcessMemory 请求。 (0x12B)
[0917/091531.271:ERROR:process_memory_win.cc(73)] ReadMemory at 0x2c0e164cde0 of 132 bytes failed: 仅完成部分的 ReadProcessMemory 或 WriteProcessMemory 请求。 (0x12B)
[0917/091531.271:ERROR:process_memory_win.cc(73)] ReadMemory at 0x2c0e164cf10 of 132 bytes failed: 仅完成部分的 ReadProcessMemory 或 WriteProcessMemory 请求。 (0x12B)
[0917/091531.271:ERROR:process_memory_win.cc(73)] ReadMemory at 0x2c0e164d040 of 132 bytes failed: 仅完成部分的 ReadProcessMemory 或 WriteProcessMemory 请求。 (0x12B)
[0917/091531.271:ERROR:process_memory_win.cc(73)] ReadMemory at 0x2c0e164d170 of 132 bytes failed: 仅完成部分的 ReadProcessMemory 或 WriteProcessMemory 请求。 (0x12B)
[0917/091531.271:ERROR:process_memory_win.cc(73)] ReadMemory at 0x2c0e164d2a0 of 132 bytes failed: 仅完成部分的 ReadProcessMemory 或 WriteProcessMemory 请求。 (0x12B)
[0917/091531.271:ERROR:process_memory_win.cc(73)] ReadMemory at 0x2c0e164d3d0 of 132 bytes failed: 仅完成部分的 ReadProcessMemory 或 WriteProcessMemory 请求。 (0x12B)
[0917/091531.271:ERROR:process_memory_win.cc(73)] ReadMemory at 0x2c0e164d630 of 132 bytes failed: 仅完成部分的 ReadProcessMemory 或 WriteProcessMemory 请求。 (0x12B)
[0917/091531.271:ERROR:process_memory_win.cc(73)] ReadMemory at 0x2c0e164d760 of 132 bytes failed: 仅完成部分的 ReadProcessMemory 或 WriteProcessMemory 请求。 (0x12B)
[0917/091531.271:ERROR:process_memory_win.cc(73)] ReadMemory at 0x2c0e164d9c0 of 132 bytes failed: 仅完成部分的 ReadProcessMemory 或 WriteProcessMemory 请求。 (0x12B)
[0917/091531.271:ERROR:process_memory_win.cc(73)] ReadMemory at 0x2c0e164dce0 of 132 bytes failed: 仅完成部分的 ReadProcessMemory 或 WriteProcessMemory 请求。 (0x12B)
[0917/091531.271:ERROR:process_memory_win.cc(73)] ReadMemory at 0x2c0e164df00 of 132 bytes failed: 仅完成部分的 ReadProcessMemory 或 WriteProcessMemory 请求。 (0x12B)
[0917/091531.271:ERROR:process_memory_win.cc(73)] ReadMemory at 0x2c0e164e140 of 60 bytes failed: 仅完成部分的 ReadProcessMemory 或 WriteProcessMemory 请求。 (0x12B)
[0917/091531.271:ERROR:process_memory_win.cc(73)] ReadMemory at 0x2c0e164e230 of 62 bytes failed: 仅完成部分的 ReadProcessMemory 或 WriteProcessMemory 请求。 (0x12B)
[0917/091531.271:ERROR:process_memory_win.cc(73)] ReadMemory at 0x2c0e164e280 of 64 bytes failed: 仅完成部分的 ReadProcessMemory 或 WriteProcessMemory 请求。 (0x12B)
[0917/091531.271:ERROR:process_memory_win.cc(73)] ReadMemory at 0x2c0e164e2d0 of 62 bytes failed: 仅完成部分的 ReadProcessMemory 或 WriteProcessMemory 请求。 (0x12B)
[0917/091531.271:ERROR:process_memory_win.cc(73)] ReadMemory at 0x2c0e164e370 of 64 bytes failed: 仅完成部分的 ReadProcessMemory 或 WriteProcessMemory 请求。 (0x12B)
[0917/091531.271:ERROR:process_memory_win.cc(73)] ReadMemory at 0x2c0e164e3c0 of 60 bytes failed: 仅完成部分的 ReadProcessMemory 或 WriteProcessMemory 请求。 (0x12B)
[0917/091531.271:ERROR:process_memory_win.cc(73)] ReadMemory at 0x2c0e164e5a0 of 62 bytes failed: 仅完成部分的 ReadProcessMemory 或 WriteProcessMemory 请求。 (0x12B)
[0917/091531.271:ERROR:process_memory_win.cc(73)] ReadMemory at 0x2c0e164e690 of 60 bytes failed: 仅完成部分的 ReadProcessMemory 或 WriteProcessMemory 请求。 (0x12B)
[0917/091531.271:ERROR:process_memory_win.cc(73)] ReadMemory at 0x2c0e164e730 of 64 bytes failed: 仅完成部分的 ReadProcessMemory 或 WriteProcessMemory 请求。 (0x12B)
[0917/091531.271:ERROR:process_memory_win.cc(73)] ReadMemory at 0x2c0e164e7d0 of 66 bytes failed: 仅完成部分的 ReadProcessMemory 或 WriteProcessMemory 请求。 (0x12B)
[0917/091531.271:ERROR:process_memory_win.cc(73)] ReadMemory at 0x2c0e164e870 of 62 bytes failed: 仅完成部分的 ReadProcessMemory 或 WriteProcessMemory 请求。 (0x12B)
[0917/091531.271:ERROR:process_memory_win.cc(73)] ReadMemory at 0x2c0e164e8c0 of 64 bytes failed: 仅完成部分的 ReadProcessMemory 或 WriteProcessMemory 请求。 (0x12B)
[0917/091531.271:ERROR:process_memory_win.cc(73)] ReadMemory at 0x2c0e164e910 of 64 bytes failed: 仅完成部分的 ReadProcessMemory 或 WriteProcessMemory 请求。 (0x12B)
[0917/091531.271:ERROR:process_memory_win.cc(73)] ReadMemory at 0x2c0e164e9b0 of 66 bytes failed: 仅完成部分的 ReadProcessMemory 或 WriteProcessMemory 请求。 (0x12B)
[0917/091531.271:ERROR:process_memory_win.cc(73)] ReadMemory at 0x2c0e164ea00 of 62 bytes failed: 仅完成部分的 ReadProcessMemory 或 WriteProcessMemory 请求。 (0x12B)
[0917/091531.271:ERROR:process_memory_win.cc(73)] ReadMemory at 0x2c0e164ea50 of 62 bytes failed: 仅完成部分的 ReadProcessMemory 或 WriteProcessMemory 请求。 (0x12B)
[0917/091531.271:ERROR:process_memory_win.cc(73)] ReadMemory at 0x2c0e164eaa0 of 58 bytes failed: 仅完成部分的 ReadProcessMemory 或 WriteProcessMemory 请求。 (0x12B)
[0917/091531.271:ERROR:process_memory_win.cc(73)] ReadMemory at 0x2c0e164eaf0 of 62 bytes failed: 仅完成部分的 ReadProcessMemory 或 WriteProcessMemory 请求。 (0x12B)
[0917/091531.271:ERROR:process_memory_win.cc(73)] ReadMemory at 0x2c0e164eb40 of 62 bytes failed: 仅完成部分的 ReadProcessMemory 或 WriteProcessMemory 请求。 (0x12B)
[0917/091531.271:ERROR:process_memory_win.cc(73)] ReadMemory at 0x2c0e164eb90 of 60 bytes failed: 仅完成部分的 ReadProcessMemory 或 WriteProcessMemory 请求。 (0x12B)
[0917/091531.271:ERROR:process_memory_win.cc(73)] ReadMemory at 0x2c0e164ebe0 of 60 bytes failed: 仅完成部分的 ReadProcessMemory 或 WriteProcessMemory 请求。 (0x12B)
[0917/091531.271:ERROR:process_memory_win.cc(73)] ReadMemory at 0x2c0e164ec30 of 62 bytes failed: 仅完成部分的 ReadProcessMemory 或 WriteProcessMemory 请求。 (0x12B)
[0917/091531.271:ERROR:process_memory_win.cc(73)] ReadMemory at 0x2c0e164ed70 of 60 bytes failed: 仅完成部分的 ReadProcessMemory 或 WriteProcessMemory 请求。 (0x12B)
[0917/091531.271:ERROR:process_memory_win.cc(73)] ReadMemory at 0x2c0e164edc0 of 64 bytes failed: 仅完成部分的 ReadProcessMemory 或 WriteProcessMemory 请求。 (0x12B)
[0917/091531.271:ERROR:process_memory_win.cc(73)] ReadMemory at 0x2c0e164ee10 of 64 bytes failed: 仅完成部分的 ReadProcessMemory 或 WriteProcessMemory 请求。 (0x12B)
[0917/091531.271:ERROR:process_memory_win.cc(73)] ReadMemory at 0x2c0e164f040 of 64 bytes failed: 仅完成部分的 ReadProcessMemory 或 WriteProcessMemory 请求。 (0x12B)
[0917/091531.271:ERROR:process_memory_win.cc(73)] ReadMemory at 0x2c0e16522f0 of 132 bytes failed: 仅完成部分的 ReadProcessMemory 或 WriteProcessMemory 请求。 (0x12B)
[0917/091531.271:ERROR:process_memory_win.cc(73)] ReadMemory at 0x2c0e16549e0 of 132 bytes failed: 仅完成部分的 ReadProcessMemory 或 WriteProcessMemory 请求。 (0x12B)
[0917/091531.271:ERROR:process_memory_win.cc(73)] ReadMemory at 0x2c0e1654f20 of 146 bytes failed: 仅完成部分的 ReadProcessMemory 或 WriteProcessMemory 请求。 (0x12B)
[0917/091531.271:ERROR:process_memory_win.cc(73)] ReadMemory at 0x2c0e16553b0 of 132 bytes failed: 仅完成部分的 ReadProcessMemory 或 WriteProcessMemory 请求。 (0x12B)
[0917/091531.271:ERROR:process_memory_win.cc(73)] ReadMemory at 0x2c0e16554e0 of 132 bytes failed: 仅完成部分的 ReadProcessMemory 或 WriteProcessMemory 请求。 (0x12B)
[0917/091531.271:ERROR:process_memory_win.cc(73)] ReadMemory at 0x2c0e16559a0 of 132 bytes failed: 仅完成部分的 ReadProcessMemory 或 WriteProcessMemory 请求。 (0x12B)
[0917/091531.271:ERROR:process_memory_win.cc(73)] ReadMemory at 0x2c0e1655ad0 of 132 bytes failed: 仅完成部分的 ReadProcessMemory 或 WriteProcessMemory 请求。 (0x12B)
[0917/091531.271:ERROR:process_memory_win.cc(73)] ReadMemory at 0x2c0e1655c00 of 132 bytes failed: 仅完成部分的 ReadProcessMemory 或 WriteProcessMemory 请求。 (0x12B)
[0917/091531.271:ERROR:process_memory_win.cc(73)] ReadMemory at 0x2c0e16560c0 of 132 bytes failed: 仅完成部分的 ReadProcessMemory 或 WriteProcessMemory 请求。 (0x12B)
[0917/091531.271:ERROR:process_memory_win.cc(73)] ReadMemory at 0x2c0e16561f0 of 132 bytes failed: 仅完成部分的 ReadProcessMemory 或 WriteProcessMemory 请求。 (0x12B)
[0917/091531.271:ERROR:process_memory_win.cc(73)] ReadMemory at 0x2c0e1656a40 of 132 bytes failed: 仅完成部分的 ReadProcessMemory 或 WriteProcessMemory 请求。 (0x12B)
[0917/091531.271:ERROR:process_memory_win.cc(73)] ReadMemory at 0x2c0e1656b70 of 132 bytes failed: 仅完成部分的 ReadProcessMemory 或 WriteProcessMemory 请求。 (0x12B)
[0917/091531.271:ERROR:process_memory_win.cc(73)] ReadMemory at 0x2c0e1656dd0 of 132 bytes failed: 仅完成部分的 ReadProcessMemory 或 WriteProcessMemory 请求。 (0x12B)
[0917/091531.271:ERROR:process_memory_win.cc(73)] ReadMemory at 0x2c0e16b7d90 of 512 bytes failed: 仅完成部分的 ReadProcessMemory 或 WriteProcessMemory 请求。 (0x12B)
[0917/091531.271:ERROR:process_memory_win.cc(73)] ReadMemory at 0x2c0e16ba7a0 of 512 bytes failed: 仅完成部分的 ReadProcessMemory 或 WriteProcessMemory 请求。 (0x12B)
[0917/091531.271:ERROR:process_memory_win.cc(73)] ReadMemory at 0x2c0e16c8b30 of 640 bytes failed: 仅完成部分的 ReadProcessMemory 或 WriteProcessMemory 请求。 (0x12B)
[0917/091531.271:ERROR:process_memory_win.cc(73)] ReadMemory at 0x2c0e16e8c10 of 512 bytes failed: 仅完成部分的 ReadProcessMemory 或 WriteProcessMemory 请求。 (0x12B)
[0917/091531.271:ERROR:process_memory_win.cc(73)] ReadMemory at 0x2c0e16e9430 of 512 bytes failed: 仅完成部分的 ReadProcessMemory 或 WriteProcessMemory 请求。 (0x12B)
[0917/091531.271:ERROR:process_memory_win.cc(73)] ReadMemory at 0x2c0e16feff0 of 712 bytes failed: 仅完成部分的 ReadProcessMemory 或 WriteProcessMemory 请求。 (0x12B)
[0917/091531.271:ERROR:process_memory_win.cc(73)] ReadMemory at 0x2c0e1700d58 of 512 bytes failed: 仅完成部分的 ReadProcessMemory 或 WriteProcessMemory 请求。 (0x12B)
[0917/091531.271:ERROR:process_memory_win.cc(73)] ReadMemory at 0x2c0e1891f00 of 512 bytes failed: 仅完成部分的 ReadProcessMemory 或 WriteProcessMemory 请求。 (0x12B)
[0917/091531.271:ERROR:process_memory_win.cc(73)] ReadMemory at 0x2c0e1892440 of 512 bytes failed: 仅完成部分的 ReadProcessMemory 或 WriteProcessMemory 请求。 (0x12B)
[0917/091531.271:ERROR:process_memory_win.cc(73)] ReadMemory at 0x2c0e30887f0 of 512 bytes failed: 仅完成部分的 ReadProcessMemory 或 WriteProcessMemory 请求。 (0x12B)
[0917/091531.271:ERROR:process_memory_win.cc(73)] ReadMemory at 0x2c0e309da62 of 818 bytes failed: 仅完成部分的 ReadProcessMemory 或 WriteProcessMemory 请求。 (0x12B)
[0917/091531.271:ERROR:process_memory_win.cc(73)] ReadMemory at 0x2c0e3170a60 of 512 bytes failed: 仅完成部分的 ReadProcessMemory 或 WriteProcessMemory 请求。 (0x12B)
[0917/091531.271:ERROR:process_memory_win.cc(73)] ReadMemory at 0x2c0e3309650 of 512 bytes failed: 仅完成部分的 ReadProcessMemory 或 WriteProcessMemory 请求。 (0x12B)
[0917/091531.271:ERROR:process_memory_win.cc(73)] ReadMemory at 0x2c0e330a550 of 512 bytes failed: 仅完成部分的 ReadProcessMemory 或 WriteProcessMemory 请求。 (0x12B)
[0917/091531.271:ERROR:process_memory_win.cc(73)] ReadMemory at 0x2c0e330c050 of 512 bytes failed: 仅完成部分的 ReadProcessMemory 或 WriteProcessMemory 请求。 (0x12B)
[0917/091531.271:ERROR:process_memory_win.cc(73)] ReadMemory at 0x2c0e4415c08 of 512 bytes failed: 仅完成部分的 ReadProcessMemory 或 WriteProcessMemory 请求。 (0x12B)
[0917/091531.271:ERROR:process_memory_win.cc(73)] ReadMemory at 0x2c0e5d73db0 of 512 bytes failed: 仅完成部分的 ReadProcessMemory 或 WriteProcessMemory 请求。 (0x12B)
[0917/091531.271:ERROR:process_memory_win.cc(73)] ReadMemory at 0x3cb200000000 of 384 bytes failed: 仅完成部分的 ReadProcessMemory 或 WriteProcessMemory 请求。 (0x12B)
[0917/091531.271:ERROR:process_memory_win.cc(73)] ReadMemory at 0x3cb208040e6d of 512 bytes failed: 仅完成部分的 ReadProcessMemory 或 WriteProcessMemory 请求。 (0x12B)
[0917/091531.271:ERROR:process_memory_win.cc(73)] ReadMemory at 0x3cb2097c0000 of 384 bytes failed: 仅完成部分的 ReadProcessMemory 或 WriteProcessMemory 请求。 (0x12B)
[0917/091531.278:ERROR:scoped_process_suspend.cc(40)] NtResumeProcess: 已尝试访问正在退出的过程。 (0xc000010a)
[1009/195658.592:ERROR:directory_reader_win.cc(43)] FindFirstFile: 系统找不到指定的路径。 (0x3)
[1010/200743.026:ERROR:directory_reader_win.cc(43)] FindFirstFile: 系统找不到指定的路径。 (0x3)
[1011/075240.854:ERROR:directory_reader_win.cc(43)] FindFirstFile: 系统找不到指定的路径。 (0x3)
[1013/200933.775:ERROR:directory_reader_win.cc(43)] FindFirstFile: 系统找不到指定的路径。 (0x3)
[1017/094831.669:ERROR:directory_reader_win.cc(43)] FindFirstFile: 系统找不到指定的路径。 (0x3)
[1018/113211.022:ERROR:directory_reader_win.cc(43)] FindFirstFile: 系统找不到指定的路径。 (0x3)
[1020/213715.110:ERROR:directory_reader_win.cc(43)] FindFirstFile: 系统找不到指定的路径。 (0x3)
[1021/202750.561:ERROR:directory_reader_win.cc(43)] FindFirstFile: 系统找不到指定的路径。 (0x3)
[1022/200418.913:ERROR:directory_reader_win.cc(43)] FindFirstFile: 系统找不到指定的路径。 (0x3)
[1024/083022.926:ERROR:directory_reader_win.cc(43)] FindFirstFile: 系统找不到指定的路径。 (0x3)
[1025/090039.233:ERROR:directory_reader_win.cc(43)] FindFirstFile: 系统找不到指定的路径。 (0x3)
[1026/210437.232:ERROR:directory_reader_win.cc(43)] FindFirstFile: 系统找不到指定的路径。 (0x3)
[1027/194335.659:ERROR:directory_reader_win.cc(43)] FindFirstFile: 系统找不到指定的路径。 (0x3)
[1028/201230.342:ERROR:directory_reader_win.cc(43)] FindFirstFile: 系统找不到指定的路径。 (0x3)
[1030/201055.865:ERROR:directory_reader_win.cc(43)] FindFirstFile: 系统找不到指定的路径。 (0x3)
[1101/084741.263:ERROR:directory_reader_win.cc(43)] FindFirstFile: 系统找不到指定的路径。 (0x3)
[1102/210818.446:ERROR:directory_reader_win.cc(43)] FindFirstFile: 系统找不到指定的路径。 (0x3)
[1104/194129.026:ERROR:directory_reader_win.cc(43)] FindFirstFile: 系统找不到指定的路径。 (0x3)
[1105/193818.155:ERROR:directory_reader_win.cc(43)] FindFirstFile: 系统找不到指定的路径。 (0x3)
[1106/200742.771:ERROR:directory_reader_win.cc(43)] FindFirstFile: 系统找不到指定的路径。 (0x3)
[1107/090812.420:ERROR:directory_reader_win.cc(43)] FindFirstFile: 系统找不到指定的路径。 (0x3)
[1108/101135.961:ERROR:directory_reader_win.cc(43)] FindFirstFile: 系统找不到指定的路径。 (0x3)
[1111/203634.224:ERROR:directory_reader_win.cc(43)] FindFirstFile: 系统找不到指定的路径。 (0x3)
[1112/200921.037:ERROR:directory_reader_win.cc(43)] FindFirstFile: 系统找不到指定的路径。 (0x3)
[1113/195107.193:ERROR:directory_reader_win.cc(43)] FindFirstFile: 系统找不到指定的路径。 (0x3)
[1114/093436.531:ERROR:directory_reader_win.cc(43)] FindFirstFile: 系统找不到指定的路径。 (0x3)
[1115/103956.190:ERROR:directory_reader_win.cc(43)] FindFirstFile: 系统找不到指定的路径。 (0x3)
[1117/194016.846:ERROR:directory_reader_win.cc(43)] FindFirstFile: 系统找不到指定的路径。 (0x3)
[1118/201516.615:ERROR:directory_reader_win.cc(43)] FindFirstFile: 系统找不到指定的路径。 (0x3)
[1119/194159.054:ERROR:directory_reader_win.cc(43)] FindFirstFile: 系统找不到指定的路径。 (0x3)
[1120/193853.147:ERROR:directory_reader_win.cc(43)] FindFirstFile: 系统找不到指定的路径。 (0x3)
[1121/070923.732:ERROR:directory_reader_win.cc(43)] FindFirstFile: 系统找不到指定的路径。 (0x3)
[1122/141756.980:ERROR:directory_reader_win.cc(43)] FindFirstFile: 系统找不到指定的路径。 (0x3)
